<?xml version="1.0" encoding="UTF-8"?>
<coverage generated="1771929072570" clover="3.2.0">
  <project timestamp="1771929072570" name="All files">
    <metrics statements="47" coveredstatements="30" conditionals="15" coveredconditionals="14" methods="10" coveredmethods="10" elements="72" coveredelements="54" complexity="0" loc="47" ncloc="47" packages="1" files="4" classes="4"/>
    <file name="headers.ts" path="/Users/radek/Documents/Github/x402cloud/packages/protocol/src/headers.ts">
      <metrics statements="30" coveredstatements="30" conditionals="12" coveredconditionals="11" methods="7" coveredmethods="7"/>
      <line num="4" count="1" type="cond" truecount="1" falsecount="0"/>
      <line num="5" count="1" type="stmt"/>
      <line num="6" count="1" type="stmt"/>
      <line num="9" count="1" type="cond" truecount="1" falsecount="0"/>
      <line num="10" count="1" type="stmt"/>
      <line num="11" count="1" type="stmt"/>
      <line num="14" count="1" type="cond" truecount="1" falsecount="0"/>
      <line num="15" count="1" type="stmt"/>
      <line num="16" count="1" type="stmt"/>
      <line num="19" count="1" type="cond" truecount="1" falsecount="0"/>
      <line num="20" count="1" type="stmt"/>
      <line num="21" count="1" type="stmt"/>
      <line num="24" count="1" type="cond" truecount="1" falsecount="0"/>
      <line num="25" count="4" type="stmt"/>
      <line num="26" count="4" type="cond" truecount="1" falsecount="0"/>
      <line num="27" count="2" type="cond" truecount="1" falsecount="0"/>
      <line num="28" count="1" type="stmt"/>
      <line num="30" count="4" type="stmt"/>
      <line num="33" count="1" type="cond" truecount="1" falsecount="0"/>
      <line num="34" count="8" type="stmt"/>
      <line num="35" count="8" type="cond" truecount="2" falsecount="0"/>
      <line num="37" count="5" type="stmt"/>
      <line num="39" count="5" type="stmt"/>
      <line num="41" count="5" type="stmt"/>
      <line num="42" count="8" type="cond" truecount="0" falsecount="1"/>
      <line num="43" count="8" type="stmt"/>
      <line num="44" count="8" type="stmt"/>
      <line num="47" count="1" type="cond" truecount="1" falsecount="0"/>
      <line num="48" count="2" type="stmt"/>
      <line num="49" count="2" type="stmt"/>
    </file>
    <file name="index.ts" path="/Users/radek/Documents/Github/x402cloud/packages/protocol/src/index.ts">
      <metrics statements="2" coveredstatements="0" conditionals="1" coveredconditionals="1" methods="1" coveredmethods="1"/>
      <line num="15" count="0" type="stmt"/>
      <line num="26" count="0" type="stmt"/>
    </file>
    <file name="models.ts" path="/Users/radek/Documents/Github/x402cloud/packages/protocol/src/models.ts">
      <metrics statements="15" coveredstatements="0" conditionals="1" coveredconditionals="1" methods="1" coveredmethods="1"/>
      <line num="9" count="0" type="stmt"/>
      <line num="10" count="0" type="stmt"/>
      <line num="11" count="0" type="stmt"/>
      <line num="12" count="0" type="stmt"/>
      <line num="13" count="0" type="stmt"/>
      <line num="14" count="0" type="stmt"/>
      <line num="15" count="0" type="stmt"/>
      <line num="16" count="0" type="stmt"/>
      <line num="17" count="0" type="stmt"/>
      <line num="18" count="0" type="stmt"/>
      <line num="23" count="0" type="stmt"/>
      <line num="24" count="0" type="stmt"/>
      <line num="25" count="0" type="stmt"/>
      <line num="26" count="0" type="stmt"/>
      <line num="27" count="0" type="stmt"/>
    </file>
    <file name="types.ts" path="/Users/radek/Documents/Github/x402cloud/packages/protocol/src/types.ts">
      <metrics statements="0" coveredstatements="0" conditionals="1" coveredconditionals="1" methods="1" coveredmethods="1"/>
    </file>
  </project>
</coverage>
