{"/Users/radek/Documents/Github/x402cloud/packages/protocol/src/headers.ts": {"path":"/Users/radek/Documents/Github/x402cloud/packages/protocol/src/headers.ts","all":false,"statementMap":{"3":{"start":{"line":4,"column":0},"end":{"line":4,"column":70}},"4":{"start":{"line":5,"column":0},"end":{"line":5,"column":39}},"5":{"start":{"line":6,"column":0},"end":{"line":6,"column":1}},"8":{"start":{"line":9,"column":0},"end":{"line":9,"column":69}},"9":{"start":{"line":10,"column":0},"end":{"line":10,"column":34}},"10":{"start":{"line":11,"column":0},"end":{"line":11,"column":1}},"13":{"start":{"line":14,"column":0},"end":{"line":14,"column":77}},"14":{"start":{"line":15,"column":0},"end":{"line":15,"column":40}},"15":{"start":{"line":16,"column":0},"end":{"line":16,"column":1}},"18":{"start":{"line":19,"column":0},"end":{"line":19,"column":75}},"19":{"start":{"line":20,"column":0},"end":{"line":20,"column":34}},"20":{"start":{"line":21,"column":0},"end":{"line":21,"column":1}},"23":{"start":{"line":24,"column":0},"end":{"line":24,"column":71}},"24":{"start":{"line":25,"column":0},"end":{"line":25,"column":10}},"25":{"start":{"line":26,"column":0},"end":{"line":26,"column":47}},"26":{"start":{"line":27,"column":0},"end":{"line":27,"column":39}},"27":{"start":{"line":28,"column":0},"end":{"line":28,"column":8}},"29":{"start":{"line":30,"column":0},"end":{"line":30,"column":1}},"32":{"start":{"line":33,"column":0},"end":{"line":33,"column":56}},"33":{"start":{"line":34,"column":0},"end":{"line":34,"column":47}},"34":{"start":{"line":35,"column":0},"end":{"line":35,"column":89}},"36":{"start":{"line":37,"column":0},"end":{"line":37,"column":54}},"38":{"start":{"line":39,"column":0},"end":{"line":39,"column":53}},"40":{"start":{"line":41,"column":0},"end":{"line":41,"column":31}},"41":{"start":{"line":42,"column":0},"end":{"line":42,"column":47}},"42":{"start":{"line":43,"column":0},"end":{"line":43,"column":16}},"43":{"start":{"line":44,"column":0},"end":{"line":44,"column":1}},"46":{"start":{"line":47,"column":0},"end":{"line":47,"column":57}},"47":{"start":{"line":48,"column":0},"end":{"line":48,"column":56}},"48":{"start":{"line":49,"column":0},"end":{"line":49,"column":1}}},"s":{"3":1,"4":1,"5":1,"8":1,"9":1,"10":1,"13":1,"14":1,"15":1,"18":1,"19":1,"20":1,"23":1,"24":4,"25":4,"26":2,"27":1,"29":4,"32":1,"33":8,"34":8,"36":5,"38":5,"40":5,"41":8,"42":8,"43":8,"46":1,"47":2,"48":2},"branchMap":{"0":{"type":"branch","line":4,"loc":{"start":{"line":4,"column":7},"end":{"line":6,"column":1}},"locations":[{"start":{"line":4,"column":7},"end":{"line":6,"column":1}}]},"1":{"type":"branch","line":9,"loc":{"start":{"line":9,"column":7},"end":{"line":11,"column":1}},"locations":[{"start":{"line":9,"column":7},"end":{"line":11,"column":1}}]},"2":{"type":"branch","line":14,"loc":{"start":{"line":14,"column":7},"end":{"line":16,"column":1}},"locations":[{"start":{"line":14,"column":7},"end":{"line":16,"column":1}}]},"3":{"type":"branch","line":19,"loc":{"start":{"line":19,"column":7},"end":{"line":21,"column":1}},"locations":[{"start":{"line":19,"column":7},"end":{"line":21,"column":1}}]},"4":{"type":"branch","line":24,"loc":{"start":{"line":24,"column":7},"end":{"line":30,"column":1}},"locations":[{"start":{"line":24,"column":7},"end":{"line":30,"column":1}}]},"5":{"type":"branch","line":26,"loc":{"start":{"line":26,"column":43},"end":{"line":27,"column":39}},"locations":[{"start":{"line":26,"column":43},"end":{"line":27,"column":39}}]},"6":{"type":"branch","line":27,"loc":{"start":{"line":27,"column":35},"end":{"line":28,"column":8}},"locations":[{"start":{"line":27,"column":35},"end":{"line":28,"column":8}}]},"7":{"type":"branch","line":33,"loc":{"start":{"line":33,"column":7},"end":{"line":44,"column":1}},"locations":[{"start":{"line":33,"column":7},"end":{"line":44,"column":1}}]},"8":{"type":"branch","line":35,"loc":{"start":{"line":35,"column":38},"end":{"line":35,"column":89}},"locations":[{"start":{"line":35,"column":38},"end":{"line":35,"column":89}}]},"9":{"type":"branch","line":35,"loc":{"start":{"line":35,"column":87},"end":{"line":42,"column":43}},"locations":[{"start":{"line":35,"column":87},"end":{"line":42,"column":43}}]},"10":{"type":"branch","line":42,"loc":{"start":{"line":42,"column":38},"end":{"line":42,"column":47}},"locations":[{"start":{"line":42,"column":38},"end":{"line":42,"column":47}}]},"11":{"type":"branch","line":47,"loc":{"start":{"line":47,"column":7},"end":{"line":49,"column":1}},"locations":[{"start":{"line":47,"column":7},"end":{"line":49,"column":1}}]}},"b":{"0":[1],"1":[1],"2":[1],"3":[1],"4":[4],"5":[2],"6":[1],"7":[8],"8":[3],"9":[5],"10":[0],"11":[2]},"fnMap":{"0":{"name":"encodePaymentHeader","decl":{"start":{"line":4,"column":7},"end":{"line":6,"column":1}},"loc":{"start":{"line":4,"column":7},"end":{"line":6,"column":1}},"line":4},"1":{"name":"decodePaymentHeader","decl":{"start":{"line":9,"column":7},"end":{"line":11,"column":1}},"loc":{"start":{"line":9,"column":7},"end":{"line":11,"column":1}},"line":9},"2":{"name":"encodeRequirementsHeader","decl":{"start":{"line":14,"column":7},"end":{"line":16,"column":1}},"loc":{"start":{"line":14,"column":7},"end":{"line":16,"column":1}},"line":14},"3":{"name":"decodeRequirementsHeader","decl":{"start":{"line":19,"column":7},"end":{"line":21,"column":1}},"loc":{"start":{"line":19,"column":7},"end":{"line":21,"column":1}},"line":19},"4":{"name":"extractPaymentHeader","decl":{"start":{"line":24,"column":7},"end":{"line":30,"column":1}},"loc":{"start":{"line":24,"column":7},"end":{"line":30,"column":1}},"line":24},"5":{"name":"parseUsdcAmount","decl":{"start":{"line":33,"column":7},"end":{"line":44,"column":1}},"loc":{"start":{"line":33,"column":7},"end":{"line":44,"column":1}},"line":33},"6":{"name":"formatUsdcAmount","decl":{"start":{"line":47,"column":7},"end":{"line":49,"column":1}},"loc":{"start":{"line":47,"column":7},"end":{"line":49,"column":1}},"line":47}},"f":{"0":1,"1":1,"2":1,"3":1,"4":4,"5":8,"6":2}}
,"/Users/radek/Documents/Github/x402cloud/packages/protocol/src/index.ts": {"path":"/Users/radek/Documents/Github/x402cloud/packages/protocol/src/index.ts","all":true,"statementMap":{"14":{"start":{"line":15,"column":0},"end":{"line":15,"column":8}},"25":{"start":{"line":26,"column":0},"end":{"line":26,"column":62}}},"s":{"14":0,"25":0},"branchMap":{"0":{"type":"branch","line":1,"loc":{"start":{"line":1,"column":545},"end":{"line":26,"column":62}},"locations":[{"start":{"line":1,"column":545},"end":{"line":26,"column":62}}]}},"b":{"0":[1]},"fnMap":{"0":{"name":"(empty-report)","decl":{"start":{"line":1,"column":545},"end":{"line":26,"column":62}},"loc":{"start":{"line":1,"column":545},"end":{"line":26,"column":62}},"line":1}},"f":{"0":1}}
,"/Users/radek/Documents/Github/x402cloud/packages/protocol/src/models.ts": {"path":"/Users/radek/Documents/Github/x402cloud/packages/protocol/src/models.ts","all":true,"statementMap":{"8":{"start":{"line":9,"column":0},"end":{"line":9,"column":83}},"9":{"start":{"line":10,"column":0},"end":{"line":10,"column":112}},"10":{"start":{"line":11,"column":0},"end":{"line":11,"column":112}},"11":{"start":{"line":12,"column":0},"end":{"line":12,"column":109}},"12":{"start":{"line":13,"column":0},"end":{"line":13,"column":114}},"13":{"start":{"line":14,"column":0},"end":{"line":14,"column":106}},"14":{"start":{"line":15,"column":0},"end":{"line":15,"column":111}},"15":{"start":{"line":16,"column":0},"end":{"line":16,"column":87}},"16":{"start":{"line":17,"column":0},"end":{"line":17,"column":109}},"17":{"start":{"line":18,"column":0},"end":{"line":18,"column":3}},"22":{"start":{"line":23,"column":0},"end":{"line":23,"column":60}},"23":{"start":{"line":24,"column":0},"end":{"line":24,"column":39}},"24":{"start":{"line":25,"column":0},"end":{"line":25,"column":47}},"25":{"start":{"line":26,"column":0},"end":{"line":26,"column":25}},"26":{"start":{"line":27,"column":0},"end":{"line":27,"column":1}}},"s":{"8":0,"9":0,"10":0,"11":0,"12":0,"13":0,"14":0,"15":0,"16":0,"17":0,"22":0,"23":0,"24":0,"25":0,"26":0},"branchMap":{"0":{"type":"branch","line":1,"loc":{"start":{"line":1,"column":1428},"end":{"line":27,"column":1}},"locations":[{"start":{"line":1,"column":1428},"end":{"line":27,"column":1}}]}},"b":{"0":[1]},"fnMap":{"0":{"name":"(empty-report)","decl":{"start":{"line":1,"column":1428},"end":{"line":27,"column":1}},"loc":{"start":{"line":1,"column":1428},"end":{"line":27,"column":1}},"line":1}},"f":{"0":1}}
,"/Users/radek/Documents/Github/x402cloud/packages/protocol/src/types.ts": {"path":"/Users/radek/Documents/Github/x402cloud/packages/protocol/src/types.ts","all":true,"statementMap":{},"s":{},"branchMap":{"0":{"type":"branch","line":1,"loc":{"start":{"line":1,"column":1792},"end":{"line":71,"column":55}},"locations":[{"start":{"line":1,"column":1792},"end":{"line":71,"column":55}}]}},"b":{"0":[1]},"fnMap":{"0":{"name":"(empty-report)","decl":{"start":{"line":1,"column":1792},"end":{"line":71,"column":55}},"loc":{"start":{"line":1,"column":1792},"end":{"line":71,"column":55}},"line":1}},"f":{"0":1}}
}
