{"/Users/radek/Documents/Github/x402cloud/packages/middleware/src/core.ts": {"path":"/Users/radek/Documents/Github/x402cloud/packages/middleware/src/core.ts","all":false,"statementMap":{"1":{"start":{"line":2,"column":0},"end":{"line":2,"column":8}},"10":{"start":{"line":11,"column":0},"end":{"line":11,"column":74}},"12":{"start":{"line":13,"column":0},"end":{"line":13,"column":53}},"49":{"start":{"line":50,"column":0},"end":{"line":50,"column":41}},"50":{"start":{"line":51,"column":0},"end":{"line":51,"column":17}},"51":{"start":{"line":52,"column":0},"end":{"line":52,"column":19}},"52":{"start":{"line":53,"column":0},"end":{"line":53,"column":19}},"53":{"start":{"line":54,"column":0},"end":{"line":54,"column":27}},"54":{"start":{"line":55,"column":0},"end":{"line":55,"column":19}},"55":{"start":{"line":56,"column":0},"end":{"line":56,"column":19}},"56":{"start":{"line":57,"column":0},"end":{"line":57,"column":31}},"57":{"start":{"line":58,"column":0},"end":{"line":58,"column":43}},"58":{"start":{"line":59,"column":0},"end":{"line":59,"column":39}},"60":{"start":{"line":61,"column":0},"end":{"line":61,"column":21}},"61":{"start":{"line":62,"column":0},"end":{"line":62,"column":30}},"62":{"start":{"line":63,"column":0},"end":{"line":63,"column":3}},"64":{"start":{"line":65,"column":0},"end":{"line":65,"column":81}},"65":{"start":{"line":66,"column":0},"end":{"line":66,"column":15}},"66":{"start":{"line":67,"column":0},"end":{"line":67,"column":110}},"67":{"start":{"line":68,"column":0},"end":{"line":68,"column":3}},"69":{"start":{"line":70,"column":0},"end":{"line":70,"column":54}},"71":{"start":{"line":72,"column":0},"end":{"line":72,"column":23}},"72":{"start":{"line":73,"column":0},"end":{"line":73,"column":75}},"73":{"start":{"line":74,"column":0},"end":{"line":74,"column":62}},"74":{"start":{"line":75,"column":0},"end":{"line":75,"column":78}},"75":{"start":{"line":76,"column":0},"end":{"line":76,"column":3}},"78":{"start":{"line":79,"column":0},"end":{"line":79,"column":31}},"79":{"start":{"line":80,"column":0},"end":{"line":80,"column":7}},"80":{"start":{"line":81,"column":0},"end":{"line":81,"column":59}},"81":{"start":{"line":82,"column":0},"end":{"line":82,"column":64}},"82":{"start":{"line":83,"column":0},"end":{"line":83,"column":11}},"83":{"start":{"line":84,"column":0},"end":{"line":84,"column":87}},"84":{"start":{"line":85,"column":0},"end":{"line":85,"column":3}},"86":{"start":{"line":87,"column":0},"end":{"line":87,"column":45}},"87":{"start":{"line":88,"column":0},"end":{"line":88,"column":19}},"88":{"start":{"line":89,"column":0},"end":{"line":89,"column":33}},"89":{"start":{"line":90,"column":0},"end":{"line":90,"column":10}},"90":{"start":{"line":91,"column":0},"end":{"line":91,"column":53}},"91":{"start":{"line":92,"column":0},"end":{"line":92,"column":29}},"92":{"start":{"line":93,"column":0},"end":{"line":93,"column":60}},"93":{"start":{"line":94,"column":0},"end":{"line":94,"column":4}},"96":{"start":{"line":97,"column":0},"end":{"line":97,"column":63}},"98":{"start":{"line":99,"column":0},"end":{"line":99,"column":30}},"99":{"start":{"line":100,"column":0},"end":{"line":100,"column":91}},"100":{"start":{"line":101,"column":0},"end":{"line":101,"column":75}},"101":{"start":{"line":102,"column":0},"end":{"line":102,"column":62}},"102":{"start":{"line":103,"column":0},"end":{"line":103,"column":12}},"103":{"start":{"line":104,"column":0},"end":{"line":104,"column":32}},"104":{"start":{"line":105,"column":0},"end":{"line":105,"column":13}},"105":{"start":{"line":106,"column":0},"end":{"line":106,"column":13}},"106":{"start":{"line":107,"column":0},"end":{"line":107,"column":45}},"107":{"start":{"line":108,"column":0},"end":{"line":108,"column":43}},"108":{"start":{"line":109,"column":0},"end":{"line":109,"column":27}},"109":{"start":{"line":110,"column":0},"end":{"line":110,"column":8}},"110":{"start":{"line":111,"column":0},"end":{"line":111,"column":14}},"111":{"start":{"line":112,"column":0},"end":{"line":112,"column":6}},"112":{"start":{"line":113,"column":0},"end":{"line":113,"column":3}},"114":{"start":{"line":115,"column":0},"end":{"line":115,"column":10}},"115":{"start":{"line":116,"column":0},"end":{"line":116,"column":23}},"116":{"start":{"line":117,"column":0},"end":{"line":117,"column":30}},"117":{"start":{"line":118,"column":0},"end":{"line":118,"column":43}},"118":{"start":{"line":119,"column":0},"end":{"line":119,"column":35}},"119":{"start":{"line":120,"column":0},"end":{"line":120,"column":20}},"120":{"start":{"line":121,"column":0},"end":{"line":121,"column":7}},"123":{"start":{"line":124,"column":0},"end":{"line":124,"column":54}},"124":{"start":{"line":125,"column":0},"end":{"line":125,"column":16}},"125":{"start":{"line":126,"column":0},"end":{"line":126,"column":17}},"126":{"start":{"line":127,"column":0},"end":{"line":127,"column":76}},"127":{"start":{"line":128,"column":0},"end":{"line":128,"column":34}},"128":{"start":{"line":129,"column":0},"end":{"line":129,"column":9}},"131":{"start":{"line":132,"column":0},"end":{"line":132,"column":72}},"133":{"start":{"line":134,"column":0},"end":{"line":134,"column":74}},"134":{"start":{"line":135,"column":0},"end":{"line":135,"column":6}},"135":{"start":{"line":136,"column":0},"end":{"line":136,"column":4}},"136":{"start":{"line":137,"column":0},"end":{"line":137,"column":1}},"142":{"start":{"line":143,"column":0},"end":{"line":143,"column":36}},"143":{"start":{"line":144,"column":0},"end":{"line":144,"column":27}},"144":{"start":{"line":145,"column":0},"end":{"line":145,"column":19}},"145":{"start":{"line":146,"column":0},"end":{"line":146,"column":19}},"146":{"start":{"line":147,"column":0},"end":{"line":147,"column":22}},"147":{"start":{"line":148,"column":0},"end":{"line":148,"column":29}},"148":{"start":{"line":149,"column":0},"end":{"line":149,"column":44}},"149":{"start":{"line":150,"column":0},"end":{"line":150,"column":19}},"150":{"start":{"line":151,"column":0},"end":{"line":151,"column":34}},"151":{"start":{"line":152,"column":0},"end":{"line":152,"column":16}},"152":{"start":{"line":153,"column":0},"end":{"line":153,"column":13}},"153":{"start":{"line":154,"column":0},"end":{"line":154,"column":13}},"154":{"start":{"line":155,"column":0},"end":{"line":155,"column":13}},"155":{"start":{"line":156,"column":0},"end":{"line":156,"column":6}},"157":{"start":{"line":158,"column":0},"end":{"line":158,"column":28}},"158":{"start":{"line":159,"column":0},"end":{"line":159,"column":18}},"159":{"start":{"line":160,"column":0},"end":{"line":160,"column":22}},"160":{"start":{"line":161,"column":0},"end":{"line":161,"column":30}},"161":{"start":{"line":162,"column":0},"end":{"line":162,"column":84}},"162":{"start":{"line":163,"column":0},"end":{"line":163,"column":29}},"163":{"start":{"line":164,"column":0},"end":{"line":164,"column":103}},"164":{"start":{"line":165,"column":0},"end":{"line":165,"column":19}},"165":{"start":{"line":166,"column":0},"end":{"line":166,"column":63}},"166":{"start":{"line":167,"column":0},"end":{"line":167,"column":24}},"167":{"start":{"line":168,"column":0},"end":{"line":168,"column":21}},"168":{"start":{"line":169,"column":0},"end":{"line":169,"column":54}},"169":{"start":{"line":170,"column":0},"end":{"line":170,"column":25}},"170":{"start":{"line":171,"column":0},"end":{"line":171,"column":66}},"171":{"start":{"line":172,"column":0},"end":{"line":172,"column":56}},"172":{"start":{"line":173,"column":0},"end":{"line":173,"column":9}},"173":{"start":{"line":174,"column":0},"end":{"line":174,"column":15}},"174":{"start":{"line":175,"column":0},"end":{"line":175,"column":7}},"175":{"start":{"line":176,"column":0},"end":{"line":176,"column":5}},"176":{"start":{"line":177,"column":0},"end":{"line":177,"column":4}},"177":{"start":{"line":178,"column":0},"end":{"line":178,"column":1}}},"s":{"1":1,"10":1,"12":1,"49":17,"50":17,"51":17,"52":17,"53":17,"54":17,"55":17,"56":17,"57":17,"58":17,"60":17,"61":2,"62":2,"64":15,"65":17,"66":2,"67":2,"69":13,"71":17,"72":2,"73":2,"74":2,"75":2,"78":11,"79":11,"80":11,"81":11,"82":17,"83":2,"84":2,"86":9,"87":9,"88":9,"89":9,"90":9,"91":9,"92":9,"93":17,"96":17,"98":17,"99":4,"100":4,"101":4,"102":4,"103":4,"104":4,"105":4,"106":4,"107":4,"108":4,"109":4,"110":4,"111":4,"112":4,"114":5,"115":5,"116":5,"117":5,"118":4,"119":2,"120":2,"123":2,"124":2,"125":2,"126":2,"127":2,"128":2,"131":2,"133":2,"134":4,"135":5,"136":5,"142":1,"143":8,"144":8,"145":8,"146":8,"147":8,"148":8,"149":8,"150":8,"151":8,"152":8,"153":8,"154":8,"155":8,"157":8,"158":8,"159":1,"160":8,"161":1,"162":8,"163":2,"164":8,"165":2,"166":8,"167":2,"168":2,"169":2,"170":1,"171":1,"172":1,"173":2,"174":2,"175":8,"176":8,"177":8},"branchMap":{"0":{"type":"branch","line":50,"loc":{"start":{"line":50,"column":0},"end":{"line":137,"column":1}},"locations":[{"start":{"line":50,"column":0},"end":{"line":137,"column":1}}]},"1":{"type":"branch","line":61,"loc":{"start":{"line":61,"column":20},"end":{"line":63,"column":3}},"locations":[{"start":{"line":61,"column":20},"end":{"line":63,"column":3}}]},"2":{"type":"branch","line":63,"loc":{"start":{"line":63,"column":2},"end":{"line":65,"column":81}},"locations":[{"start":{"line":63,"column":2},"end":{"line":65,"column":81}}]},"3":{"type":"branch","line":66,"loc":{"start":{"line":66,"column":14},"end":{"line":68,"column":3}},"locations":[{"start":{"line":66,"column":14},"end":{"line":68,"column":3}}]},"4":{"type":"branch","line":68,"loc":{"start":{"line":68,"column":2},"end":{"line":72,"column":22}},"locations":[{"start":{"line":68,"column":2},"end":{"line":72,"column":22}}]},"5":{"type":"branch","line":72,"loc":{"start":{"line":72,"column":22},"end":{"line":76,"column":3}},"locations":[{"start":{"line":72,"column":22},"end":{"line":76,"column":3}}]},"6":{"type":"branch","line":76,"loc":{"start":{"line":76,"column":2},"end":{"line":83,"column":10}},"locations":[{"start":{"line":76,"column":2},"end":{"line":83,"column":10}}]},"7":{"type":"branch","line":83,"loc":{"start":{"line":83,"column":2},"end":{"line":85,"column":3}},"locations":[{"start":{"line":83,"column":2},"end":{"line":85,"column":3}}]},"8":{"type":"branch","line":85,"loc":{"start":{"line":85,"column":2},"end":{"line":93,"column":60}},"locations":[{"start":{"line":85,"column":2},"end":{"line":93,"column":60}}]},"9":{"type":"branch","line":97,"loc":{"start":{"line":97,"column":61},"end":{"line":99,"column":29}},"locations":[{"start":{"line":97,"column":61},"end":{"line":99,"column":29}}]},"10":{"type":"branch","line":99,"loc":{"start":{"line":99,"column":29},"end":{"line":113,"column":3}},"locations":[{"start":{"line":99,"column":29},"end":{"line":113,"column":3}}]},"11":{"type":"branch","line":100,"loc":{"start":{"line":100,"column":50},"end":{"line":100,"column":87}},"locations":[{"start":{"line":100,"column":50},"end":{"line":100,"column":87}}]},"12":{"type":"branch","line":100,"loc":{"start":{"line":100,"column":81},"end":{"line":100,"column":91}},"locations":[{"start":{"line":100,"column":81},"end":{"line":100,"column":91}}]},"13":{"type":"branch","line":113,"loc":{"start":{"line":113,"column":2},"end":{"line":137,"column":1}},"locations":[{"start":{"line":113,"column":2},"end":{"line":137,"column":1}}]},"14":{"type":"branch","line":118,"loc":{"start":{"line":118,"column":12},"end":{"line":135,"column":6}},"locations":[{"start":{"line":118,"column":12},"end":{"line":135,"column":6}}]},"15":{"type":"branch","line":119,"loc":{"start":{"line":119,"column":34},"end":{"line":134,"column":74}},"locations":[{"start":{"line":119,"column":34},"end":{"line":134,"column":74}}]},"16":{"type":"branch","line":143,"loc":{"start":{"line":143,"column":7},"end":{"line":178,"column":1}},"locations":[{"start":{"line":143,"column":7},"end":{"line":178,"column":1}}]},"17":{"type":"branch","line":148,"loc":{"start":{"line":148,"column":9},"end":{"line":177,"column":4}},"locations":[{"start":{"line":148,"column":9},"end":{"line":177,"column":4}}]},"18":{"type":"branch","line":159,"loc":{"start":{"line":159,"column":6},"end":{"line":160,"column":22}},"locations":[{"start":{"line":159,"column":6},"end":{"line":160,"column":22}}]},"19":{"type":"branch","line":161,"loc":{"start":{"line":161,"column":6},"end":{"line":162,"column":84}},"locations":[{"start":{"line":161,"column":6},"end":{"line":162,"column":84}}]},"20":{"type":"branch","line":163,"loc":{"start":{"line":163,"column":6},"end":{"line":164,"column":103}},"locations":[{"start":{"line":163,"column":6},"end":{"line":164,"column":103}}]},"21":{"type":"branch","line":165,"loc":{"start":{"line":165,"column":6},"end":{"line":166,"column":63}},"locations":[{"start":{"line":165,"column":6},"end":{"line":166,"column":63}}]},"22":{"type":"branch","line":167,"loc":{"start":{"line":167,"column":6},"end":{"line":175,"column":7}},"locations":[{"start":{"line":167,"column":6},"end":{"line":175,"column":7}}]},"23":{"type":"branch","line":170,"loc":{"start":{"line":170,"column":24},"end":{"line":173,"column":9}},"locations":[{"start":{"line":170,"column":24},"end":{"line":173,"column":9}}]}},"b":{"0":[17],"1":[2],"2":[15],"3":[2],"4":[13],"5":[2],"6":[11],"7":[2],"8":[9],"9":[9],"10":[4],"11":[2],"12":[2],"13":[5],"14":[4],"15":[2],"16":[8],"17":[8],"18":[1],"19":[1],"20":[2],"21":[2],"22":[2],"23":[1]},"fnMap":{"0":{"name":"processUptoPayment","decl":{"start":{"line":50,"column":0},"end":{"line":137,"column":1}},"loc":{"start":{"line":50,"column":0},"end":{"line":137,"column":1}},"line":50},"1":{"name":"settle","decl":{"start":{"line":118,"column":12},"end":{"line":135,"column":6}},"loc":{"start":{"line":118,"column":12},"end":{"line":135,"column":6}},"line":118},"2":{"name":"buildUptoMiddleware","decl":{"start":{"line":143,"column":7},"end":{"line":178,"column":1}},"loc":{"start":{"line":143,"column":7},"end":{"line":178,"column":1}},"line":143}},"f":{"0":17,"1":4,"2":8}}
,"/Users/radek/Documents/Github/x402cloud/packages/middleware/src/exact-core.ts": {"path":"/Users/radek/Documents/Github/x402cloud/packages/middleware/src/exact-core.ts","all":false,"statementMap":{"1":{"start":{"line":2,"column":0},"end":{"line":2,"column":8}},"10":{"start":{"line":11,"column":0},"end":{"line":11,"column":75}},"12":{"start":{"line":13,"column":0},"end":{"line":13,"column":58}},"32":{"start":{"line":33,"column":0},"end":{"line":33,"column":42}},"33":{"start":{"line":34,"column":0},"end":{"line":34,"column":17}},"34":{"start":{"line":35,"column":0},"end":{"line":35,"column":19}},"35":{"start":{"line":36,"column":0},"end":{"line":36,"column":19}},"36":{"start":{"line":37,"column":0},"end":{"line":37,"column":28}},"37":{"start":{"line":38,"column":0},"end":{"line":38,"column":24}},"38":{"start":{"line":39,"column":0},"end":{"line":39,"column":24}},"39":{"start":{"line":40,"column":0},"end":{"line":40,"column":31}},"40":{"start":{"line":41,"column":0},"end":{"line":41,"column":43}},"41":{"start":{"line":42,"column":0},"end":{"line":42,"column":39}},"43":{"start":{"line":44,"column":0},"end":{"line":44,"column":21}},"44":{"start":{"line":45,"column":0},"end":{"line":45,"column":30}},"45":{"start":{"line":46,"column":0},"end":{"line":46,"column":3}},"47":{"start":{"line":48,"column":0},"end":{"line":48,"column":81}},"48":{"start":{"line":49,"column":0},"end":{"line":49,"column":15}},"49":{"start":{"line":50,"column":0},"end":{"line":50,"column":110}},"50":{"start":{"line":51,"column":0},"end":{"line":51,"column":3}},"52":{"start":{"line":53,"column":0},"end":{"line":53,"column":54}},"54":{"start":{"line":55,"column":0},"end":{"line":55,"column":23}},"55":{"start":{"line":56,"column":0},"end":{"line":56,"column":80}},"56":{"start":{"line":57,"column":0},"end":{"line":57,"column":62}},"57":{"start":{"line":58,"column":0},"end":{"line":58,"column":78}},"58":{"start":{"line":59,"column":0},"end":{"line":59,"column":3}},"61":{"start":{"line":62,"column":0},"end":{"line":62,"column":33}},"62":{"start":{"line":63,"column":0},"end":{"line":63,"column":7}},"63":{"start":{"line":64,"column":0},"end":{"line":64,"column":59}},"64":{"start":{"line":65,"column":0},"end":{"line":65,"column":66}},"65":{"start":{"line":66,"column":0},"end":{"line":66,"column":11}},"66":{"start":{"line":67,"column":0},"end":{"line":67,"column":87}},"67":{"start":{"line":68,"column":0},"end":{"line":68,"column":3}},"69":{"start":{"line":70,"column":0},"end":{"line":70,"column":45}},"70":{"start":{"line":71,"column":0},"end":{"line":71,"column":20}},"71":{"start":{"line":72,"column":0},"end":{"line":72,"column":33}},"72":{"start":{"line":73,"column":0},"end":{"line":73,"column":10}},"73":{"start":{"line":74,"column":0},"end":{"line":74,"column":50}},"74":{"start":{"line":75,"column":0},"end":{"line":75,"column":29}},"75":{"start":{"line":76,"column":0},"end":{"line":76,"column":60}},"76":{"start":{"line":77,"column":0},"end":{"line":77,"column":4}},"79":{"start":{"line":80,"column":0},"end":{"line":80,"column":64}},"81":{"start":{"line":82,"column":0},"end":{"line":82,"column":30}},"82":{"start":{"line":83,"column":0},"end":{"line":83,"column":91}},"83":{"start":{"line":84,"column":0},"end":{"line":84,"column":80}},"84":{"start":{"line":85,"column":0},"end":{"line":85,"column":62}},"85":{"start":{"line":86,"column":0},"end":{"line":86,"column":12}},"86":{"start":{"line":87,"column":0},"end":{"line":87,"column":32}},"87":{"start":{"line":88,"column":0},"end":{"line":88,"column":13}},"88":{"start":{"line":89,"column":0},"end":{"line":89,"column":13}},"89":{"start":{"line":90,"column":0},"end":{"line":90,"column":45}},"90":{"start":{"line":91,"column":0},"end":{"line":91,"column":43}},"91":{"start":{"line":92,"column":0},"end":{"line":92,"column":27}},"92":{"start":{"line":93,"column":0},"end":{"line":93,"column":8}},"93":{"start":{"line":94,"column":0},"end":{"line":94,"column":14}},"94":{"start":{"line":95,"column":0},"end":{"line":95,"column":6}},"95":{"start":{"line":96,"column":0},"end":{"line":96,"column":3}},"97":{"start":{"line":98,"column":0},"end":{"line":98,"column":59}},"99":{"start":{"line":100,"column":0},"end":{"line":100,"column":10}},"100":{"start":{"line":101,"column":0},"end":{"line":101,"column":23}},"101":{"start":{"line":102,"column":0},"end":{"line":102,"column":30}},"102":{"start":{"line":103,"column":0},"end":{"line":103,"column":43}},"103":{"start":{"line":104,"column":0},"end":{"line":104,"column":35}},"104":{"start":{"line":105,"column":0},"end":{"line":105,"column":20}},"105":{"start":{"line":106,"column":0},"end":{"line":106,"column":7}},"108":{"start":{"line":109,"column":0},"end":{"line":109,"column":57}},"110":{"start":{"line":111,"column":0},"end":{"line":111,"column":58}},"111":{"start":{"line":112,"column":0},"end":{"line":112,"column":6}},"112":{"start":{"line":113,"column":0},"end":{"line":113,"column":4}},"113":{"start":{"line":114,"column":0},"end":{"line":114,"column":1}},"119":{"start":{"line":120,"column":0},"end":{"line":120,"column":37}},"120":{"start":{"line":121,"column":0},"end":{"line":121,"column":28}},"121":{"start":{"line":122,"column":0},"end":{"line":122,"column":24}},"122":{"start":{"line":123,"column":0},"end":{"line":123,"column":24}},"123":{"start":{"line":124,"column":0},"end":{"line":124,"column":22}},"124":{"start":{"line":125,"column":0},"end":{"line":125,"column":29}},"125":{"start":{"line":126,"column":0},"end":{"line":126,"column":45}},"126":{"start":{"line":127,"column":0},"end":{"line":127,"column":19}},"127":{"start":{"line":128,"column":0},"end":{"line":128,"column":34}},"128":{"start":{"line":129,"column":0},"end":{"line":129,"column":16}},"129":{"start":{"line":130,"column":0},"end":{"line":130,"column":13}},"130":{"start":{"line":131,"column":0},"end":{"line":131,"column":13}},"131":{"start":{"line":132,"column":0},"end":{"line":132,"column":13}},"132":{"start":{"line":133,"column":0},"end":{"line":133,"column":6}},"134":{"start":{"line":135,"column":0},"end":{"line":135,"column":28}},"135":{"start":{"line":136,"column":0},"end":{"line":136,"column":18}},"136":{"start":{"line":137,"column":0},"end":{"line":137,"column":22}},"137":{"start":{"line":138,"column":0},"end":{"line":138,"column":30}},"138":{"start":{"line":139,"column":0},"end":{"line":139,"column":84}},"139":{"start":{"line":140,"column":0},"end":{"line":140,"column":29}},"140":{"start":{"line":141,"column":0},"end":{"line":141,"column":103}},"141":{"start":{"line":142,"column":0},"end":{"line":142,"column":19}},"142":{"start":{"line":143,"column":0},"end":{"line":143,"column":63}},"143":{"start":{"line":144,"column":0},"end":{"line":144,"column":24}},"144":{"start":{"line":145,"column":0},"end":{"line":145,"column":21}},"145":{"start":{"line":146,"column":0},"end":{"line":146,"column":54}},"146":{"start":{"line":147,"column":0},"end":{"line":147,"column":25}},"147":{"start":{"line":148,"column":0},"end":{"line":148,"column":66}},"148":{"start":{"line":149,"column":0},"end":{"line":149,"column":56}},"149":{"start":{"line":150,"column":0},"end":{"line":150,"column":9}},"150":{"start":{"line":151,"column":0},"end":{"line":151,"column":15}},"151":{"start":{"line":152,"column":0},"end":{"line":152,"column":7}},"152":{"start":{"line":153,"column":0},"end":{"line":153,"column":5}},"153":{"start":{"line":154,"column":0},"end":{"line":154,"column":4}},"154":{"start":{"line":155,"column":0},"end":{"line":155,"column":1}}},"s":{"1":1,"10":1,"12":1,"32":8,"33":8,"34":8,"35":8,"36":8,"37":8,"38":8,"39":8,"40":8,"41":8,"43":8,"44":1,"45":1,"47":7,"48":8,"49":1,"50":1,"52":6,"54":8,"55":1,"56":1,"57":1,"58":1,"61":5,"62":5,"63":5,"64":5,"65":8,"66":1,"67":1,"69":4,"70":4,"71":4,"72":4,"73":4,"74":4,"75":4,"76":8,"79":8,"81":8,"82":1,"83":1,"84":1,"85":1,"86":1,"87":1,"88":1,"89":1,"90":1,"91":1,"92":1,"93":1,"94":1,"95":1,"97":3,"99":3,"100":3,"101":3,"102":3,"103":2,"104":1,"105":1,"108":1,"110":1,"111":2,"112":3,"113":3,"119":1,"120":0,"121":0,"122":0,"123":0,"124":0,"125":0,"126":0,"127":0,"128":0,"129":0,"130":0,"131":0,"132":0,"134":0,"135":0,"136":0,"137":0,"138":0,"139":0,"140":0,"141":0,"142":0,"143":0,"144":0,"145":0,"146":0,"147":0,"148":0,"149":0,"150":0,"151":0,"152":0,"153":0,"154":0},"branchMap":{"0":{"type":"branch","line":33,"loc":{"start":{"line":33,"column":0},"end":{"line":114,"column":1}},"locations":[{"start":{"line":33,"column":0},"end":{"line":114,"column":1}}]},"1":{"type":"branch","line":44,"loc":{"start":{"line":44,"column":20},"end":{"line":46,"column":3}},"locations":[{"start":{"line":44,"column":20},"end":{"line":46,"column":3}}]},"2":{"type":"branch","line":46,"loc":{"start":{"line":46,"column":2},"end":{"line":48,"column":81}},"locations":[{"start":{"line":46,"column":2},"end":{"line":48,"column":81}}]},"3":{"type":"branch","line":49,"loc":{"start":{"line":49,"column":14},"end":{"line":51,"column":3}},"locations":[{"start":{"line":49,"column":14},"end":{"line":51,"column":3}}]},"4":{"type":"branch","line":51,"loc":{"start":{"line":51,"column":2},"end":{"line":55,"column":22}},"locations":[{"start":{"line":51,"column":2},"end":{"line":55,"column":22}}]},"5":{"type":"branch","line":55,"loc":{"start":{"line":55,"column":22},"end":{"line":59,"column":3}},"locations":[{"start":{"line":55,"column":22},"end":{"line":59,"column":3}}]},"6":{"type":"branch","line":59,"loc":{"start":{"line":59,"column":2},"end":{"line":66,"column":10}},"locations":[{"start":{"line":59,"column":2},"end":{"line":66,"column":10}}]},"7":{"type":"branch","line":66,"loc":{"start":{"line":66,"column":2},"end":{"line":68,"column":3}},"locations":[{"start":{"line":66,"column":2},"end":{"line":68,"column":3}}]},"8":{"type":"branch","line":68,"loc":{"start":{"line":68,"column":2},"end":{"line":76,"column":60}},"locations":[{"start":{"line":68,"column":2},"end":{"line":76,"column":60}}]},"9":{"type":"branch","line":80,"loc":{"start":{"line":80,"column":62},"end":{"line":82,"column":29}},"locations":[{"start":{"line":80,"column":62},"end":{"line":82,"column":29}}]},"10":{"type":"branch","line":82,"loc":{"start":{"line":82,"column":29},"end":{"line":96,"column":3}},"locations":[{"start":{"line":82,"column":29},"end":{"line":96,"column":3}}]},"11":{"type":"branch","line":83,"loc":{"start":{"line":83,"column":81},"end":{"line":83,"column":91}},"locations":[{"start":{"line":83,"column":81},"end":{"line":83,"column":91}}]},"12":{"type":"branch","line":96,"loc":{"start":{"line":96,"column":2},"end":{"line":114,"column":1}},"locations":[{"start":{"line":96,"column":2},"end":{"line":114,"column":1}}]},"13":{"type":"branch","line":103,"loc":{"start":{"line":103,"column":12},"end":{"line":112,"column":6}},"locations":[{"start":{"line":103,"column":12},"end":{"line":112,"column":6}}]},"14":{"type":"branch","line":104,"loc":{"start":{"line":104,"column":34},"end":{"line":111,"column":58}},"locations":[{"start":{"line":104,"column":34},"end":{"line":111,"column":58}}]}},"b":{"0":[8],"1":[1],"2":[7],"3":[1],"4":[6],"5":[1],"6":[5],"7":[1],"8":[4],"9":[4],"10":[1],"11":[0],"12":[3],"13":[2],"14":[1]},"fnMap":{"0":{"name":"processExactPayment","decl":{"start":{"line":33,"column":0},"end":{"line":114,"column":1}},"loc":{"start":{"line":33,"column":0},"end":{"line":114,"column":1}},"line":33},"1":{"name":"settle","decl":{"start":{"line":103,"column":12},"end":{"line":112,"column":6}},"loc":{"start":{"line":103,"column":12},"end":{"line":112,"column":6}},"line":103},"2":{"name":"buildExactMiddleware","decl":{"start":{"line":120,"column":7},"end":{"line":155,"column":1}},"loc":{"start":{"line":120,"column":7},"end":{"line":155,"column":1}},"line":120}},"f":{"0":8,"1":2,"2":0}}
,"/Users/radek/Documents/Github/x402cloud/packages/middleware/src/hono.ts": {"path":"/Users/radek/Documents/Github/x402cloud/packages/middleware/src/hono.ts","all":true,"statementMap":{"1":{"start":{"line":2,"column":0},"end":{"line":2,"column":106}},"3":{"start":{"line":4,"column":0},"end":{"line":4,"column":48}},"4":{"start":{"line":5,"column":0},"end":{"line":5,"column":55}},"10":{"start":{"line":11,"column":0},"end":{"line":11,"column":38}},"11":{"start":{"line":12,"column":0},"end":{"line":12,"column":27}},"12":{"start":{"line":13,"column":0},"end":{"line":13,"column":28}},"13":{"start":{"line":14,"column":0},"end":{"line":14,"column":22}},"14":{"start":{"line":15,"column":0},"end":{"line":15,"column":29}},"15":{"start":{"line":16,"column":0},"end":{"line":16,"column":11}},"16":{"start":{"line":17,"column":0},"end":{"line":17,"column":73}},"17":{"start":{"line":18,"column":0},"end":{"line":18,"column":56}},"18":{"start":{"line":19,"column":0},"end":{"line":19,"column":72}},"19":{"start":{"line":20,"column":0},"end":{"line":20,"column":6}},"20":{"start":{"line":21,"column":0},"end":{"line":21,"column":4}},"21":{"start":{"line":22,"column":0},"end":{"line":22,"column":1}},"27":{"start":{"line":28,"column":0},"end":{"line":28,"column":39}},"28":{"start":{"line":29,"column":0},"end":{"line":29,"column":28}},"29":{"start":{"line":30,"column":0},"end":{"line":30,"column":28}},"30":{"start":{"line":31,"column":0},"end":{"line":31,"column":22}},"31":{"start":{"line":32,"column":0},"end":{"line":32,"column":30}},"32":{"start":{"line":33,"column":0},"end":{"line":33,"column":11}},"33":{"start":{"line":34,"column":0},"end":{"line":34,"column":74}},"34":{"start":{"line":35,"column":0},"end":{"line":35,"column":38}},"35":{"start":{"line":36,"column":0},"end":{"line":36,"column":55}},"36":{"start":{"line":37,"column":0},"end":{"line":37,"column":6}},"37":{"start":{"line":38,"column":0},"end":{"line":38,"column":4}},"38":{"start":{"line":39,"column":0},"end":{"line":39,"column":1}}},"s":{"1":0,"3":0,"4":0,"10":0,"11":0,"12":0,"13":0,"14":0,"15":0,"16":0,"17":0,"18":0,"19":0,"20":0,"21":0,"27":0,"28":0,"29":0,"30":0,"31":0,"32":0,"33":0,"34":0,"35":0,"36":0,"37":0,"38":0},"branchMap":{"0":{"type":"branch","line":1,"loc":{"start":{"line":1,"column":1373},"end":{"line":39,"column":1}},"locations":[{"start":{"line":1,"column":1373},"end":{"line":39,"column":1}}]}},"b":{"0":[1]},"fnMap":{"0":{"name":"(empty-report)","decl":{"start":{"line":1,"column":1373},"end":{"line":39,"column":1}},"loc":{"start":{"line":1,"column":1373},"end":{"line":39,"column":1}},"line":1}},"f":{"0":1}}
,"/Users/radek/Documents/Github/x402cloud/packages/middleware/src/index.ts": {"path":"/Users/radek/Documents/Github/x402cloud/packages/middleware/src/index.ts","all":true,"statementMap":{"1":{"start":{"line":2,"column":0},"end":{"line":2,"column":47}},"2":{"start":{"line":3,"column":0},"end":{"line":3,"column":54}},"6":{"start":{"line":7,"column":0},"end":{"line":7,"column":48}},"7":{"start":{"line":8,"column":0},"end":{"line":8,"column":55}},"8":{"start":{"line":9,"column":0},"end":{"line":9,"column":74}},"9":{"start":{"line":10,"column":0},"end":{"line":10,"column":88}},"12":{"start":{"line":13,"column":0},"end":{"line":13,"column":55}},"15":{"start":{"line":16,"column":0},"end":{"line":16,"column":80}}},"s":{"1":0,"2":0,"6":0,"7":0,"8":0,"9":0,"12":0,"15":0},"branchMap":{"0":{"type":"branch","line":1,"loc":{"start":{"line":1,"column":1002},"end":{"line":22,"column":105}},"locations":[{"start":{"line":1,"column":1002},"end":{"line":22,"column":105}}]}},"b":{"0":[1]},"fnMap":{"0":{"name":"(empty-report)","decl":{"start":{"line":1,"column":1002},"end":{"line":22,"column":105}},"loc":{"start":{"line":1,"column":1002},"end":{"line":22,"column":105}},"line":1}},"f":{"0":1}}
,"/Users/radek/Documents/Github/x402cloud/packages/middleware/src/remote.ts": {"path":"/Users/radek/Documents/Github/x402cloud/packages/middleware/src/remote.ts","all":true,"statementMap":{"3":{"start":{"line":4,"column":0},"end":{"line":4,"column":48}},"4":{"start":{"line":5,"column":0},"end":{"line":5,"column":55}},"5":{"start":{"line":6,"column":0},"end":{"line":6,"column":82}},"14":{"start":{"line":15,"column":0},"end":{"line":15,"column":44}},"15":{"start":{"line":16,"column":0},"end":{"line":16,"column":27}},"16":{"start":{"line":17,"column":0},"end":{"line":17,"column":25}},"17":{"start":{"line":18,"column":0},"end":{"line":18,"column":41}},"18":{"start":{"line":19,"column":0},"end":{"line":19,"column":22}},"19":{"start":{"line":20,"column":0},"end":{"line":20,"column":52}},"20":{"start":{"line":21,"column":0},"end":{"line":21,"column":63}},"22":{"start":{"line":23,"column":0},"end":{"line":23,"column":29}},"23":{"start":{"line":24,"column":0},"end":{"line":24,"column":11}},"24":{"start":{"line":25,"column":0},"end":{"line":25,"column":38}},"25":{"start":{"line":26,"column":0},"end":{"line":26,"column":11}},"26":{"start":{"line":27,"column":0},"end":{"line":27,"column":63}},"27":{"start":{"line":28,"column":0},"end":{"line":28,"column":25}},"28":{"start":{"line":29,"column":0},"end":{"line":29,"column":58}},"29":{"start":{"line":30,"column":0},"end":{"line":30,"column":58}},"30":{"start":{"line":31,"column":0},"end":{"line":31,"column":11}},"31":{"start":{"line":32,"column":0},"end":{"line":32,"column":22}},"32":{"start":{"line":33,"column":0},"end":{"line":33,"column":86}},"33":{"start":{"line":34,"column":0},"end":{"line":34,"column":9}},"34":{"start":{"line":35,"column":0},"end":{"line":35,"column":52}},"35":{"start":{"line":36,"column":0},"end":{"line":36,"column":15}},"36":{"start":{"line":37,"column":0},"end":{"line":37,"column":76}},"37":{"start":{"line":38,"column":0},"end":{"line":38,"column":7}},"38":{"start":{"line":39,"column":0},"end":{"line":39,"column":6}},"39":{"start":{"line":40,"column":0},"end":{"line":40,"column":56}},"40":{"start":{"line":41,"column":0},"end":{"line":41,"column":11}},"41":{"start":{"line":42,"column":0},"end":{"line":42,"column":63}},"42":{"start":{"line":43,"column":0},"end":{"line":43,"column":25}},"43":{"start":{"line":44,"column":0},"end":{"line":44,"column":58}},"44":{"start":{"line":45,"column":0},"end":{"line":45,"column":76}},"45":{"start":{"line":46,"column":0},"end":{"line":46,"column":11}},"46":{"start":{"line":47,"column":0},"end":{"line":47,"column":22}},"47":{"start":{"line":48,"column":0},"end":{"line":48,"column":17}},"48":{"start":{"line":49,"column":0},"end":{"line":49,"column":9}},"49":{"start":{"line":50,"column":0},"end":{"line":50,"column":25}},"50":{"start":{"line":51,"column":0},"end":{"line":51,"column":15}},"52":{"start":{"line":53,"column":0},"end":{"line":53,"column":7}},"53":{"start":{"line":54,"column":0},"end":{"line":54,"column":6}},"54":{"start":{"line":55,"column":0},"end":{"line":55,"column":4}},"55":{"start":{"line":56,"column":0},"end":{"line":56,"column":1}},"64":{"start":{"line":65,"column":0},"end":{"line":65,"column":45}},"65":{"start":{"line":66,"column":0},"end":{"line":66,"column":28}},"66":{"start":{"line":67,"column":0},"end":{"line":67,"column":25}},"67":{"start":{"line":68,"column":0},"end":{"line":68,"column":41}},"68":{"start":{"line":69,"column":0},"end":{"line":69,"column":22}},"69":{"start":{"line":70,"column":0},"end":{"line":70,"column":52}},"70":{"start":{"line":71,"column":0},"end":{"line":71,"column":63}},"72":{"start":{"line":73,"column":0},"end":{"line":73,"column":30}},"73":{"start":{"line":74,"column":0},"end":{"line":74,"column":11}},"74":{"start":{"line":75,"column":0},"end":{"line":75,"column":38}},"75":{"start":{"line":76,"column":0},"end":{"line":76,"column":11}},"76":{"start":{"line":77,"column":0},"end":{"line":77,"column":63}},"77":{"start":{"line":78,"column":0},"end":{"line":78,"column":25}},"78":{"start":{"line":79,"column":0},"end":{"line":79,"column":58}},"79":{"start":{"line":80,"column":0},"end":{"line":80,"column":58}},"80":{"start":{"line":81,"column":0},"end":{"line":81,"column":11}},"81":{"start":{"line":82,"column":0},"end":{"line":82,"column":22}},"82":{"start":{"line":83,"column":0},"end":{"line":83,"column":86}},"83":{"start":{"line":84,"column":0},"end":{"line":84,"column":9}},"84":{"start":{"line":85,"column":0},"end":{"line":85,"column":52}},"85":{"start":{"line":86,"column":0},"end":{"line":86,"column":15}},"86":{"start":{"line":87,"column":0},"end":{"line":87,"column":76}},"87":{"start":{"line":88,"column":0},"end":{"line":88,"column":7}},"88":{"start":{"line":89,"column":0},"end":{"line":89,"column":6}},"89":{"start":{"line":90,"column":0},"end":{"line":90,"column":38}},"90":{"start":{"line":91,"column":0},"end":{"line":91,"column":11}},"91":{"start":{"line":92,"column":0},"end":{"line":92,"column":63}},"92":{"start":{"line":93,"column":0},"end":{"line":93,"column":25}},"93":{"start":{"line":94,"column":0},"end":{"line":94,"column":58}},"94":{"start":{"line":95,"column":0},"end":{"line":95,"column":58}},"95":{"start":{"line":96,"column":0},"end":{"line":96,"column":11}},"96":{"start":{"line":97,"column":0},"end":{"line":97,"column":22}},"97":{"start":{"line":98,"column":0},"end":{"line":98,"column":17}},"98":{"start":{"line":99,"column":0},"end":{"line":99,"column":9}},"99":{"start":{"line":100,"column":0},"end":{"line":100,"column":25}},"100":{"start":{"line":101,"column":0},"end":{"line":101,"column":15}},"102":{"start":{"line":103,"column":0},"end":{"line":103,"column":7}},"103":{"start":{"line":104,"column":0},"end":{"line":104,"column":6}},"104":{"start":{"line":105,"column":0},"end":{"line":105,"column":4}},"105":{"start":{"line":106,"column":0},"end":{"line":106,"column":1}}},"s":{"3":0,"4":0,"5":0,"14":0,"15":0,"16":0,"17":0,"18":0,"19":0,"20":0,"22":0,"23":0,"24":0,"25":0,"26":0,"27":0,"28":0,"29":0,"30":0,"31":0,"32":0,"33":0,"34":0,"35":0,"36":0,"37":0,"38":0,"39":0,"40":0,"41":0,"42":0,"43":0,"44":0,"45":0,"46":0,"47":0,"48":0,"49":0,"50":0,"52":0,"53":0,"54":0,"55":0,"64":0,"65":0,"66":0,"67":0,"68":0,"69":0,"70":0,"72":0,"73":0,"74":0,"75":0,"76":0,"77":0,"78":0,"79":0,"80":0,"81":0,"82":0,"83":0,"84":0,"85":0,"86":0,"87":0,"88":0,"89":0,"90":0,"91":0,"92":0,"93":0,"94":0,"95":0,"96":0,"97":0,"98":0,"99":0,"100":0,"102":0,"103":0,"104":0,"105":0},"branchMap":{"0":{"type":"branch","line":1,"loc":{"start":{"line":1,"column":3780},"end":{"line":106,"column":1}},"locations":[{"start":{"line":1,"column":3780},"end":{"line":106,"column":1}}]}},"b":{"0":[1]},"fnMap":{"0":{"name":"(empty-report)","decl":{"start":{"line":1,"column":3780},"end":{"line":106,"column":1}},"loc":{"start":{"line":1,"column":3780},"end":{"line":106,"column":1}},"line":1}},"f":{"0":1}}
,"/Users/radek/Documents/Github/x402cloud/packages/middleware/src/resilience.ts": {"path":"/Users/radek/Documents/Github/x402cloud/packages/middleware/src/resilience.ts","all":false,"statementMap":{"23":{"start":{"line":24,"column":0},"end":{"line":24,"column":18}},"24":{"start":{"line":25,"column":0},"end":{"line":25,"column":16}},"25":{"start":{"line":26,"column":0},"end":{"line":26,"column":20}},"26":{"start":{"line":27,"column":0},"end":{"line":27,"column":29}},"27":{"start":{"line":28,"column":0},"end":{"line":28,"column":32}},"28":{"start":{"line":29,"column":0},"end":{"line":29,"column":11}},"30":{"start":{"line":31,"column":0},"end":{"line":31,"column":43}},"31":{"start":{"line":32,"column":0},"end":{"line":32,"column":59}},"32":{"start":{"line":33,"column":0},"end":{"line":33,"column":1}},"34":{"start":{"line":35,"column":0},"end":{"line":35,"column":47}},"36":{"start":{"line":37,"column":0},"end":{"line":37,"column":46}},"37":{"start":{"line":38,"column":0},"end":{"line":38,"column":77}},"38":{"start":{"line":39,"column":0},"end":{"line":39,"column":53}},"39":{"start":{"line":40,"column":0},"end":{"line":40,"column":1}},"41":{"start":{"line":42,"column":0},"end":{"line":42,"column":53}},"42":{"start":{"line":43,"column":0},"end":{"line":43,"column":23}},"43":{"start":{"line":44,"column":0},"end":{"line":44,"column":1}},"55":{"start":{"line":56,"column":0},"end":{"line":56,"column":83}},"56":{"start":{"line":57,"column":0},"end":{"line":57,"column":63}},"57":{"start":{"line":58,"column":0},"end":{"line":58,"column":69}},"58":{"start":{"line":59,"column":0},"end":{"line":59,"column":88}},"59":{"start":{"line":60,"column":0},"end":{"line":60,"column":82}},"61":{"start":{"line":62,"column":0},"end":{"line":62,"column":35}},"62":{"start":{"line":63,"column":0},"end":{"line":63,"column":20}},"63":{"start":{"line":64,"column":0},"end":{"line":64,"column":16}},"64":{"start":{"line":65,"column":0},"end":{"line":65,"column":23}},"65":{"start":{"line":66,"column":0},"end":{"line":66,"column":4}},"67":{"start":{"line":68,"column":0},"end":{"line":68,"column":34}},"68":{"start":{"line":69,"column":0},"end":{"line":69,"column":25}},"69":{"start":{"line":70,"column":0},"end":{"line":70,"column":29}},"70":{"start":{"line":71,"column":0},"end":{"line":71,"column":3}},"72":{"start":{"line":73,"column":0},"end":{"line":73,"column":34}},"73":{"start":{"line":74,"column":0},"end":{"line":74,"column":23}},"74":{"start":{"line":75,"column":0},"end":{"line":75,"column":41}},"75":{"start":{"line":76,"column":0},"end":{"line":76,"column":40}},"76":{"start":{"line":77,"column":0},"end":{"line":77,"column":29}},"77":{"start":{"line":78,"column":0},"end":{"line":78,"column":5}},"78":{"start":{"line":79,"column":0},"end":{"line":79,"column":3}},"80":{"start":{"line":81,"column":0},"end":{"line":81,"column":34}},"81":{"start":{"line":82,"column":0},"end":{"line":82,"column":48}},"82":{"start":{"line":83,"column":0},"end":{"line":83,"column":35}},"83":{"start":{"line":84,"column":0},"end":{"line":84,"column":60}},"84":{"start":{"line":85,"column":0},"end":{"line":85,"column":36}},"85":{"start":{"line":86,"column":0},"end":{"line":86,"column":20}},"86":{"start":{"line":87,"column":0},"end":{"line":87,"column":7}},"87":{"start":{"line":88,"column":0},"end":{"line":88,"column":19}},"88":{"start":{"line":89,"column":0},"end":{"line":89,"column":5}},"90":{"start":{"line":91,"column":0},"end":{"line":91,"column":16}},"91":{"start":{"line":92,"column":0},"end":{"line":92,"column":3}},"93":{"start":{"line":94,"column":0},"end":{"line":94,"column":64}},"94":{"start":{"line":95,"column":0},"end":{"line":95,"column":61}},"95":{"start":{"line":96,"column":0},"end":{"line":96,"column":26}},"96":{"start":{"line":97,"column":0},"end":{"line":97,"column":77}},"97":{"start":{"line":98,"column":0},"end":{"line":98,"column":7}},"99":{"start":{"line":100,"column":0},"end":{"line":100,"column":11}},"100":{"start":{"line":101,"column":0},"end":{"line":101,"column":50}},"102":{"start":{"line":103,"column":0},"end":{"line":103,"column":49}},"103":{"start":{"line":104,"column":0},"end":{"line":104,"column":26}},"104":{"start":{"line":105,"column":0},"end":{"line":105,"column":37}},"105":{"start":{"line":106,"column":0},"end":{"line":106,"column":53}},"106":{"start":{"line":107,"column":0},"end":{"line":107,"column":21}},"107":{"start":{"line":108,"column":0},"end":{"line":108,"column":11}},"109":{"start":{"line":110,"column":0},"end":{"line":110,"column":26}},"110":{"start":{"line":111,"column":0},"end":{"line":111,"column":9}},"113":{"start":{"line":114,"column":0},"end":{"line":114,"column":24}},"114":{"start":{"line":115,"column":0},"end":{"line":115,"column":24}},"115":{"start":{"line":116,"column":0},"end":{"line":116,"column":32}},"116":{"start":{"line":117,"column":0},"end":{"line":117,"column":24}},"117":{"start":{"line":118,"column":0},"end":{"line":118,"column":59}},"118":{"start":{"line":119,"column":0},"end":{"line":119,"column":22}},"119":{"start":{"line":120,"column":0},"end":{"line":120,"column":9}},"120":{"start":{"line":121,"column":0},"end":{"line":121,"column":49}},"121":{"start":{"line":122,"column":0},"end":{"line":122,"column":7}},"122":{"start":{"line":123,"column":0},"end":{"line":123,"column":5}},"125":{"start":{"line":126,"column":0},"end":{"line":126,"column":44}},"126":{"start":{"line":127,"column":0},"end":{"line":127,"column":4}},"128":{"start":{"line":129,"column":0},"end":{"line":129,"column":40}},"129":{"start":{"line":130,"column":0},"end":{"line":130,"column":1}}},"s":{"23":1,"24":1,"25":1,"26":1,"27":1,"28":1,"30":5,"31":5,"32":5,"34":4,"36":4,"37":4,"38":0,"39":0,"41":23,"42":23,"43":23,"55":1,"56":10,"57":10,"58":10,"59":10,"61":10,"62":10,"63":10,"64":10,"65":10,"67":10,"68":8,"69":8,"70":8,"72":10,"73":19,"74":19,"75":19,"76":4,"77":4,"78":19,"80":10,"81":29,"82":4,"83":4,"84":2,"85":2,"86":2,"87":2,"88":2,"90":0,"91":29,"93":10,"94":24,"95":29,"96":2,"97":2,"99":27,"100":27,"102":29,"103":15,"104":15,"105":2,"106":2,"107":2,"109":13,"110":13,"113":8,"114":8,"115":29,"116":4,"117":4,"118":1,"119":1,"120":3,"121":3,"122":29,"125":0,"126":24,"128":10,"129":10},"branchMap":{"0":{"type":"branch","line":31,"loc":{"start":{"line":31,"column":0},"end":{"line":33,"column":1}},"locations":[{"start":{"line":31,"column":0},"end":{"line":33,"column":1}}]},"1":{"type":"branch","line":32,"loc":{"start":{"line":32,"column":21},"end":{"line":32,"column":57}},"locations":[{"start":{"line":32,"column":21},"end":{"line":32,"column":57}}]},"2":{"type":"branch","line":35,"loc":{"start":{"line":35,"column":0},"end":{"line":40,"column":1}},"locations":[{"start":{"line":35,"column":0},"end":{"line":40,"column":1}}]},"3":{"type":"branch","line":37,"loc":{"start":{"line":37,"column":41},"end":{"line":38,"column":65}},"locations":[{"start":{"line":37,"column":41},"end":{"line":38,"column":65}}]},"4":{"type":"branch","line":38,"loc":{"start":{"line":38,"column":65},"end":{"line":40,"column":1}},"locations":[{"start":{"line":38,"column":65},"end":{"line":40,"column":1}}]},"5":{"type":"branch","line":42,"loc":{"start":{"line":42,"column":0},"end":{"line":44,"column":1}},"locations":[{"start":{"line":42,"column":0},"end":{"line":44,"column":1}}]},"6":{"type":"branch","line":56,"loc":{"start":{"line":56,"column":7},"end":{"line":130,"column":1}},"locations":[{"start":{"line":56,"column":7},"end":{"line":130,"column":1}}]},"7":{"type":"branch","line":57,"loc":{"start":{"line":57,"column":29},"end":{"line":57,"column":63}},"locations":[{"start":{"line":57,"column":29},"end":{"line":57,"column":63}}]},"8":{"type":"branch","line":58,"loc":{"start":{"line":58,"column":31},"end":{"line":58,"column":69}},"locations":[{"start":{"line":58,"column":31},"end":{"line":58,"column":69}}]},"9":{"type":"branch","line":59,"loc":{"start":{"line":59,"column":28},"end":{"line":59,"column":88}},"locations":[{"start":{"line":59,"column":28},"end":{"line":59,"column":88}}]},"10":{"type":"branch","line":60,"loc":{"start":{"line":60,"column":26},"end":{"line":60,"column":82}},"locations":[{"start":{"line":60,"column":26},"end":{"line":60,"column":82}}]},"11":{"type":"branch","line":68,"loc":{"start":{"line":68,"column":2},"end":{"line":71,"column":3}},"locations":[{"start":{"line":68,"column":2},"end":{"line":71,"column":3}}]},"12":{"type":"branch","line":73,"loc":{"start":{"line":73,"column":2},"end":{"line":79,"column":3}},"locations":[{"start":{"line":73,"column":2},"end":{"line":79,"column":3}}]},"13":{"type":"branch","line":76,"loc":{"start":{"line":76,"column":39},"end":{"line":78,"column":5}},"locations":[{"start":{"line":76,"column":39},"end":{"line":78,"column":5}}]},"14":{"type":"branch","line":81,"loc":{"start":{"line":81,"column":2},"end":{"line":92,"column":3}},"locations":[{"start":{"line":81,"column":2},"end":{"line":92,"column":3}}]},"15":{"type":"branch","line":82,"loc":{"start":{"line":82,"column":36},"end":{"line":82,"column":48}},"locations":[{"start":{"line":82,"column":36},"end":{"line":82,"column":48}}]},"16":{"type":"branch","line":82,"loc":{"start":{"line":82,"column":43},"end":{"line":89,"column":5}},"locations":[{"start":{"line":82,"column":43},"end":{"line":89,"column":5}}]},"17":{"type":"branch","line":84,"loc":{"start":{"line":84,"column":59},"end":{"line":89,"column":5}},"locations":[{"start":{"line":84,"column":59},"end":{"line":89,"column":5}}]},"18":{"type":"branch","line":89,"loc":{"start":{"line":89,"column":4},"end":{"line":91,"column":16}},"locations":[{"start":{"line":89,"column":4},"end":{"line":91,"column":16}}]},"19":{"type":"branch","line":94,"loc":{"start":{"line":94,"column":39},"end":{"line":127,"column":4}},"locations":[{"start":{"line":94,"column":39},"end":{"line":127,"column":4}}]},"20":{"type":"branch","line":95,"loc":{"start":{"line":95,"column":60},"end":{"line":123,"column":5}},"locations":[{"start":{"line":95,"column":60},"end":{"line":123,"column":5}}]},"21":{"type":"branch","line":96,"loc":{"start":{"line":96,"column":25},"end":{"line":98,"column":7}},"locations":[{"start":{"line":96,"column":25},"end":{"line":98,"column":7}}]},"22":{"type":"branch","line":98,"loc":{"start":{"line":98,"column":6},"end":{"line":101,"column":50}},"locations":[{"start":{"line":98,"column":6},"end":{"line":101,"column":50}}]},"23":{"type":"branch","line":101,"loc":{"start":{"line":101,"column":48},"end":{"line":103,"column":48}},"locations":[{"start":{"line":101,"column":48},"end":{"line":103,"column":48}}]},"24":{"type":"branch","line":103,"loc":{"start":{"line":103,"column":48},"end":{"line":111,"column":9}},"locations":[{"start":{"line":103,"column":48},"end":{"line":111,"column":9}}]},"25":{"type":"branch","line":105,"loc":{"start":{"line":105,"column":36},"end":{"line":108,"column":11}},"locations":[{"start":{"line":105,"column":36},"end":{"line":108,"column":11}}]},"26":{"type":"branch","line":108,"loc":{"start":{"line":108,"column":10},"end":{"line":111,"column":9}},"locations":[{"start":{"line":108,"column":10},"end":{"line":111,"column":9}}]},"27":{"type":"branch","line":111,"loc":{"start":{"line":111,"column":8},"end":{"line":116,"column":15}},"locations":[{"start":{"line":111,"column":8},"end":{"line":116,"column":15}}]},"28":{"type":"branch","line":116,"loc":{"start":{"line":116,"column":6},"end":{"line":122,"column":7}},"locations":[{"start":{"line":116,"column":6},"end":{"line":122,"column":7}}]},"29":{"type":"branch","line":118,"loc":{"start":{"line":118,"column":58},"end":{"line":120,"column":9}},"locations":[{"start":{"line":118,"column":58},"end":{"line":120,"column":9}}]},"30":{"type":"branch","line":120,"loc":{"start":{"line":120,"column":8},"end":{"line":122,"column":7}},"locations":[{"start":{"line":120,"column":8},"end":{"line":122,"column":7}}]},"31":{"type":"branch","line":123,"loc":{"start":{"line":123,"column":4},"end":{"line":126,"column":44}},"locations":[{"start":{"line":123,"column":4},"end":{"line":126,"column":44}}]}},"b":{"0":[5],"1":[5],"2":[4],"3":[0],"4":[0],"5":[23],"6":[10],"7":[0],"8":[0],"9":[6],"10":[6],"11":[8],"12":[19],"13":[4],"14":[29],"15":[25],"16":[4],"17":[2],"18":[0],"19":[24],"20":[29],"21":[2],"22":[27],"23":[23],"24":[15],"25":[2],"26":[13],"27":[8],"28":[4],"29":[1],"30":[3],"31":[0]},"fnMap":{"0":{"name":"sleep","decl":{"start":{"line":31,"column":0},"end":{"line":33,"column":1}},"loc":{"start":{"line":31,"column":0},"end":{"line":33,"column":1}},"line":31},"1":{"name":"isRetryable","decl":{"start":{"line":35,"column":0},"end":{"line":40,"column":1}},"loc":{"start":{"line":35,"column":0},"end":{"line":40,"column":1}},"line":35},"2":{"name":"isRetryableStatus","decl":{"start":{"line":42,"column":0},"end":{"line":44,"column":1}},"loc":{"start":{"line":42,"column":0},"end":{"line":44,"column":1}},"line":42},"3":{"name":"createResilientFetch","decl":{"start":{"line":56,"column":7},"end":{"line":130,"column":1}},"loc":{"start":{"line":56,"column":7},"end":{"line":130,"column":1}},"line":56},"4":{"name":"recordSuccess","decl":{"start":{"line":68,"column":2},"end":{"line":71,"column":3}},"loc":{"start":{"line":68,"column":2},"end":{"line":71,"column":3}},"line":68},"5":{"name":"recordFailure","decl":{"start":{"line":73,"column":2},"end":{"line":79,"column":3}},"loc":{"start":{"line":73,"column":2},"end":{"line":79,"column":3}},"line":73},"6":{"name":"canAttempt","decl":{"start":{"line":81,"column":2},"end":{"line":92,"column":3}},"loc":{"start":{"line":81,"column":2},"end":{"line":92,"column":3}},"line":81},"7":{"name":"resilientFetch","decl":{"start":{"line":94,"column":39},"end":{"line":127,"column":4}},"loc":{"start":{"line":94,"column":39},"end":{"line":127,"column":4}},"line":94}},"f":{"0":5,"1":4,"2":23,"3":10,"4":8,"5":19,"6":29,"7":24}}
,"/Users/radek/Documents/Github/x402cloud/packages/middleware/src/response.ts": {"path":"/Users/radek/Documents/Github/x402cloud/packages/middleware/src/response.ts","all":false,"statementMap":{"1":{"start":{"line":2,"column":0},"end":{"line":2,"column":54}},"2":{"start":{"line":3,"column":0},"end":{"line":3,"column":56}},"6":{"start":{"line":7,"column":0},"end":{"line":7,"column":37}},"7":{"start":{"line":8,"column":0},"end":{"line":8,"column":31}},"8":{"start":{"line":9,"column":0},"end":{"line":9,"column":22}},"9":{"start":{"line":10,"column":0},"end":{"line":10,"column":20}},"10":{"start":{"line":11,"column":0},"end":{"line":11,"column":81}},"11":{"start":{"line":12,"column":0},"end":{"line":12,"column":15}},"12":{"start":{"line":13,"column":0},"end":{"line":13,"column":101}},"13":{"start":{"line":14,"column":0},"end":{"line":14,"column":3}},"15":{"start":{"line":16,"column":0},"end":{"line":16,"column":45}},"16":{"start":{"line":17,"column":0},"end":{"line":17,"column":19}},"17":{"start":{"line":18,"column":0},"end":{"line":18,"column":33}},"18":{"start":{"line":19,"column":0},"end":{"line":19,"column":10}},"19":{"start":{"line":20,"column":0},"end":{"line":20,"column":53}},"20":{"start":{"line":21,"column":0},"end":{"line":21,"column":29}},"21":{"start":{"line":22,"column":0},"end":{"line":22,"column":60}},"22":{"start":{"line":23,"column":0},"end":{"line":23,"column":4}},"24":{"start":{"line":25,"column":0},"end":{"line":25,"column":34}},"25":{"start":{"line":26,"column":0},"end":{"line":26,"column":21}},"26":{"start":{"line":27,"column":0},"end":{"line":27,"column":41}},"27":{"start":{"line":28,"column":0},"end":{"line":28,"column":4}},"29":{"start":{"line":30,"column":0},"end":{"line":30,"column":10}},"30":{"start":{"line":31,"column":0},"end":{"line":31,"column":19}},"31":{"start":{"line":32,"column":0},"end":{"line":32,"column":13}},"32":{"start":{"line":33,"column":0},"end":{"line":33,"column":28}},"33":{"start":{"line":34,"column":0},"end":{"line":34,"column":4}},"34":{"start":{"line":35,"column":0},"end":{"line":35,"column":1}},"37":{"start":{"line":38,"column":0},"end":{"line":38,"column":42}},"38":{"start":{"line":39,"column":0},"end":{"line":39,"column":32}},"39":{"start":{"line":40,"column":0},"end":{"line":40,"column":22}},"40":{"start":{"line":41,"column":0},"end":{"line":41,"column":20}},"41":{"start":{"line":42,"column":0},"end":{"line":42,"column":81}},"42":{"start":{"line":43,"column":0},"end":{"line":43,"column":15}},"43":{"start":{"line":44,"column":0},"end":{"line":44,"column":101}},"44":{"start":{"line":45,"column":0},"end":{"line":45,"column":3}},"46":{"start":{"line":47,"column":0},"end":{"line":47,"column":45}},"47":{"start":{"line":48,"column":0},"end":{"line":48,"column":20}},"48":{"start":{"line":49,"column":0},"end":{"line":49,"column":33}},"49":{"start":{"line":50,"column":0},"end":{"line":50,"column":10}},"50":{"start":{"line":51,"column":0},"end":{"line":51,"column":50}},"51":{"start":{"line":52,"column":0},"end":{"line":52,"column":29}},"52":{"start":{"line":53,"column":0},"end":{"line":53,"column":60}},"53":{"start":{"line":54,"column":0},"end":{"line":54,"column":4}},"55":{"start":{"line":56,"column":0},"end":{"line":56,"column":34}},"56":{"start":{"line":57,"column":0},"end":{"line":57,"column":21}},"57":{"start":{"line":58,"column":0},"end":{"line":58,"column":41}},"58":{"start":{"line":59,"column":0},"end":{"line":59,"column":4}},"60":{"start":{"line":61,"column":0},"end":{"line":61,"column":10}},"61":{"start":{"line":62,"column":0},"end":{"line":62,"column":19}},"62":{"start":{"line":63,"column":0},"end":{"line":63,"column":13}},"63":{"start":{"line":64,"column":0},"end":{"line":64,"column":28}},"64":{"start":{"line":65,"column":0},"end":{"line":65,"column":4}},"65":{"start":{"line":66,"column":0},"end":{"line":66,"column":1}}},"s":{"1":1,"2":1,"6":1,"7":6,"8":6,"9":6,"10":6,"11":6,"12":0,"13":0,"15":6,"16":6,"17":6,"18":6,"19":6,"20":6,"21":6,"22":6,"24":6,"25":6,"26":6,"27":6,"29":6,"30":6,"31":6,"32":6,"33":6,"34":6,"37":1,"38":2,"39":2,"40":2,"41":2,"42":2,"43":0,"44":0,"46":2,"47":2,"48":2,"49":2,"50":2,"51":2,"52":2,"53":2,"55":2,"56":2,"57":2,"58":2,"60":2,"61":2,"62":2,"63":2,"64":2,"65":2},"branchMap":{"0":{"type":"branch","line":7,"loc":{"start":{"line":7,"column":7},"end":{"line":35,"column":1}},"locations":[{"start":{"line":7,"column":7},"end":{"line":35,"column":1}}]},"1":{"type":"branch","line":12,"loc":{"start":{"line":12,"column":14},"end":{"line":14,"column":3}},"locations":[{"start":{"line":12,"column":14},"end":{"line":14,"column":3}}]},"2":{"type":"branch","line":38,"loc":{"start":{"line":38,"column":7},"end":{"line":66,"column":1}},"locations":[{"start":{"line":38,"column":7},"end":{"line":66,"column":1}}]},"3":{"type":"branch","line":43,"loc":{"start":{"line":43,"column":14},"end":{"line":45,"column":3}},"locations":[{"start":{"line":43,"column":14},"end":{"line":45,"column":3}}]}},"b":{"0":[6],"1":[0],"2":[2],"3":[0]},"fnMap":{"0":{"name":"buildPaymentRequired","decl":{"start":{"line":7,"column":7},"end":{"line":35,"column":1}},"loc":{"start":{"line":7,"column":7},"end":{"line":35,"column":1}},"line":7},"1":{"name":"buildExactPaymentRequired","decl":{"start":{"line":38,"column":7},"end":{"line":66,"column":1}},"loc":{"start":{"line":38,"column":7},"end":{"line":66,"column":1}},"line":38}},"f":{"0":6,"1":2}}
,"/Users/radek/Documents/Github/x402cloud/packages/middleware/src/types.ts": {"path":"/Users/radek/Documents/Github/x402cloud/packages/middleware/src/types.ts","all":true,"statementMap":{},"s":{},"branchMap":{"0":{"type":"branch","line":1,"loc":{"start":{"line":1,"column":1286},"end":{"line":39,"column":65}},"locations":[{"start":{"line":1,"column":1286},"end":{"line":39,"column":65}}]}},"b":{"0":[1]},"fnMap":{"0":{"name":"(empty-report)","decl":{"start":{"line":1,"column":1286},"end":{"line":39,"column":65}},"loc":{"start":{"line":1,"column":1286},"end":{"line":39,"column":65}},"line":1}},"f":{"0":1}}
}
