{"/Users/radek/Documents/Github/x402cloud/packages/facilitator/src/create.ts": {"path":"/Users/radek/Documents/Github/x402cloud/packages/facilitator/src/create.ts","all":false,"statementMap":{"0":{"start":{"line":1,"column":0},"end":{"line":1,"column":8}},"10":{"start":{"line":11,"column":0},"end":{"line":11,"column":52}},"11":{"start":{"line":12,"column":0},"end":{"line":12,"column":8}},"21":{"start":{"line":22,"column":0},"end":{"line":22,"column":21}},"22":{"start":{"line":23,"column":0},"end":{"line":23,"column":47}},"23":{"start":{"line":24,"column":0},"end":{"line":24,"column":47}},"24":{"start":{"line":25,"column":0},"end":{"line":25,"column":22}},"25":{"start":{"line":26,"column":0},"end":{"line":26,"column":10}},"26":{"start":{"line":27,"column":0},"end":{"line":27,"column":37}},"27":{"start":{"line":28,"column":0},"end":{"line":28,"column":40}},"28":{"start":{"line":29,"column":0},"end":{"line":29,"column":32}},"29":{"start":{"line":30,"column":0},"end":{"line":30,"column":31}},"30":{"start":{"line":31,"column":0},"end":{"line":31,"column":42}},"31":{"start":{"line":32,"column":0},"end":{"line":32,"column":33}},"32":{"start":{"line":33,"column":0},"end":{"line":33,"column":9}},"33":{"start":{"line":34,"column":0},"end":{"line":34,"column":6}},"34":{"start":{"line":35,"column":0},"end":{"line":35,"column":40}},"36":{"start":{"line":37,"column":0},"end":{"line":37,"column":34}},"37":{"start":{"line":38,"column":0},"end":{"line":38,"column":32}},"38":{"start":{"line":39,"column":0},"end":{"line":39,"column":37}},"39":{"start":{"line":40,"column":0},"end":{"line":40,"column":35}},"40":{"start":{"line":41,"column":0},"end":{"line":41,"column":40}},"41":{"start":{"line":42,"column":0},"end":{"line":42,"column":39}},"42":{"start":{"line":43,"column":0},"end":{"line":43,"column":36}},"43":{"start":{"line":44,"column":0},"end":{"line":44,"column":9}},"44":{"start":{"line":45,"column":0},"end":{"line":45,"column":6}},"45":{"start":{"line":46,"column":0},"end":{"line":46,"column":38}},"46":{"start":{"line":47,"column":0},"end":{"line":47,"column":41}},"47":{"start":{"line":48,"column":0},"end":{"line":48,"column":32}},"48":{"start":{"line":49,"column":0},"end":{"line":49,"column":31}},"49":{"start":{"line":50,"column":0},"end":{"line":50,"column":42}},"50":{"start":{"line":51,"column":0},"end":{"line":51,"column":33}},"51":{"start":{"line":52,"column":0},"end":{"line":52,"column":34}},"52":{"start":{"line":53,"column":0},"end":{"line":53,"column":39}},"53":{"start":{"line":54,"column":0},"end":{"line":54,"column":9}},"54":{"start":{"line":55,"column":0},"end":{"line":55,"column":6}},"55":{"start":{"line":56,"column":0},"end":{"line":56,"column":50}},"56":{"start":{"line":57,"column":0},"end":{"line":57,"column":68}},"57":{"start":{"line":58,"column":0},"end":{"line":58,"column":26}},"58":{"start":{"line":59,"column":0},"end":{"line":59,"column":9}},"59":{"start":{"line":60,"column":0},"end":{"line":60,"column":14}},"60":{"start":{"line":61,"column":0},"end":{"line":61,"column":70}},"61":{"start":{"line":62,"column":0},"end":{"line":62,"column":49}},"62":{"start":{"line":63,"column":0},"end":{"line":63,"column":8}},"63":{"start":{"line":64,"column":0},"end":{"line":64,"column":6}},"64":{"start":{"line":65,"column":0},"end":{"line":65,"column":4}},"65":{"start":{"line":66,"column":0},"end":{"line":66,"column":1}},"72":{"start":{"line":73,"column":0},"end":{"line":73,"column":75}},"73":{"start":{"line":74,"column":0},"end":{"line":74,"column":29}},"75":{"start":{"line":76,"column":0},"end":{"line":76,"column":57}},"77":{"start":{"line":78,"column":0},"end":{"line":78,"column":43}},"78":{"start":{"line":79,"column":0},"end":{"line":79,"column":10}},"79":{"start":{"line":80,"column":0},"end":{"line":80,"column":35}},"80":{"start":{"line":81,"column":0},"end":{"line":81,"column":5}},"82":{"start":{"line":83,"column":0},"end":{"line":83,"column":43}},"83":{"start":{"line":84,"column":0},"end":{"line":84,"column":10}},"84":{"start":{"line":85,"column":0},"end":{"line":85,"column":35}},"85":{"start":{"line":86,"column":0},"end":{"line":86,"column":12}},"86":{"start":{"line":87,"column":0},"end":{"line":87,"column":5}},"88":{"start":{"line":89,"column":0},"end":{"line":89,"column":29}},"89":{"start":{"line":90,"column":0},"end":{"line":90,"column":51}},"90":{"start":{"line":91,"column":0},"end":{"line":91,"column":51}},"91":{"start":{"line":92,"column":0},"end":{"line":92,"column":4}},"93":{"start":{"line":94,"column":0},"end":{"line":94,"column":10}},"94":{"start":{"line":95,"column":0},"end":{"line":95,"column":29}},"95":{"start":{"line":96,"column":0},"end":{"line":96,"column":28}},"97":{"start":{"line":98,"column":0},"end":{"line":98,"column":41}},"98":{"start":{"line":99,"column":0},"end":{"line":99,"column":55}},"99":{"start":{"line":100,"column":0},"end":{"line":100,"column":6}},"101":{"start":{"line":102,"column":0},"end":{"line":102,"column":59}},"102":{"start":{"line":103,"column":0},"end":{"line":103,"column":73}},"103":{"start":{"line":104,"column":0},"end":{"line":104,"column":6}},"105":{"start":{"line":106,"column":0},"end":{"line":106,"column":46}},"106":{"start":{"line":107,"column":0},"end":{"line":107,"column":59}},"107":{"start":{"line":108,"column":0},"end":{"line":108,"column":6}},"109":{"start":{"line":110,"column":0},"end":{"line":110,"column":46}},"110":{"start":{"line":111,"column":0},"end":{"line":111,"column":59}},"111":{"start":{"line":112,"column":0},"end":{"line":112,"column":6}},"112":{"start":{"line":113,"column":0},"end":{"line":113,"column":4}},"113":{"start":{"line":114,"column":0},"end":{"line":114,"column":1}}},"s":{"0":1,"10":1,"11":1,"21":7,"22":7,"23":7,"24":7,"25":7,"26":7,"27":0,"28":0,"29":0,"30":0,"31":0,"32":0,"33":0,"34":7,"36":0,"37":0,"38":0,"39":0,"40":0,"41":0,"42":0,"43":0,"44":0,"45":7,"46":0,"47":0,"48":0,"49":0,"50":0,"51":0,"52":0,"53":0,"54":0,"55":7,"56":0,"57":0,"58":0,"59":0,"60":0,"61":0,"62":0,"63":0,"64":7,"65":7,"72":1,"73":7,"75":7,"77":7,"78":7,"79":7,"80":7,"82":7,"83":7,"84":7,"85":7,"86":7,"88":7,"89":7,"90":7,"91":7,"93":7,"94":7,"95":7,"97":7,"98":1,"99":1,"101":7,"102":1,"103":1,"105":7,"106":1,"107":1,"109":7,"110":1,"111":1,"112":7,"113":7},"branchMap":{"0":{"type":"branch","line":22,"loc":{"start":{"line":22,"column":0},"end":{"line":66,"column":1}},"locations":[{"start":{"line":22,"column":0},"end":{"line":66,"column":1}}]},"1":{"type":"branch","line":73,"loc":{"start":{"line":73,"column":7},"end":{"line":114,"column":1}},"locations":[{"start":{"line":73,"column":7},"end":{"line":114,"column":1}}]},"2":{"type":"branch","line":98,"loc":{"start":{"line":98,"column":4},"end":{"line":100,"column":6}},"locations":[{"start":{"line":98,"column":4},"end":{"line":100,"column":6}}]},"3":{"type":"branch","line":102,"loc":{"start":{"line":102,"column":4},"end":{"line":104,"column":6}},"locations":[{"start":{"line":102,"column":4},"end":{"line":104,"column":6}}]},"4":{"type":"branch","line":106,"loc":{"start":{"line":106,"column":4},"end":{"line":108,"column":6}},"locations":[{"start":{"line":106,"column":4},"end":{"line":108,"column":6}}]},"5":{"type":"branch","line":110,"loc":{"start":{"line":110,"column":4},"end":{"line":112,"column":6}},"locations":[{"start":{"line":110,"column":4},"end":{"line":112,"column":6}}]}},"b":{"0":[7],"1":[7],"2":[1],"3":[1],"4":[1],"5":[1]},"fnMap":{"0":{"name":"buildSigner","decl":{"start":{"line":22,"column":0},"end":{"line":66,"column":1}},"loc":{"start":{"line":22,"column":0},"end":{"line":66,"column":1}},"line":22},"1":{"name":"readContract","decl":{"start":{"line":27,"column":18},"end":{"line":34,"column":6}},"loc":{"start":{"line":27,"column":18},"end":{"line":34,"column":6}},"line":27},"2":{"name":"verifyTypedData","decl":{"start":{"line":35,"column":21},"end":{"line":45,"column":6}},"loc":{"start":{"line":35,"column":21},"end":{"line":45,"column":6}},"line":35},"3":{"name":"writeContract","decl":{"start":{"line":46,"column":19},"end":{"line":55,"column":6}},"loc":{"start":{"line":46,"column":19},"end":{"line":55,"column":6}},"line":46},"4":{"name":"waitForTransactionReceipt","decl":{"start":{"line":56,"column":31},"end":{"line":64,"column":6}},"loc":{"start":{"line":56,"column":31},"end":{"line":64,"column":6}},"line":56},"5":{"name":"createFacilitator","decl":{"start":{"line":73,"column":7},"end":{"line":114,"column":1}},"loc":{"start":{"line":73,"column":7},"end":{"line":114,"column":1}},"line":73},"6":{"name":"verify","decl":{"start":{"line":98,"column":4},"end":{"line":100,"column":6}},"loc":{"start":{"line":98,"column":4},"end":{"line":100,"column":6}},"line":98},"7":{"name":"settle","decl":{"start":{"line":102,"column":4},"end":{"line":104,"column":6}},"loc":{"start":{"line":102,"column":4},"end":{"line":104,"column":6}},"line":102},"8":{"name":"verifyExact","decl":{"start":{"line":106,"column":4},"end":{"line":108,"column":6}},"loc":{"start":{"line":106,"column":4},"end":{"line":108,"column":6}},"line":106},"9":{"name":"settleExact","decl":{"start":{"line":110,"column":4},"end":{"line":112,"column":6}},"loc":{"start":{"line":110,"column":4},"end":{"line":112,"column":6}},"line":110}},"f":{"0":7,"1":0,"2":0,"3":0,"4":0,"5":7,"6":1,"7":1,"8":1,"9":1}}
,"/Users/radek/Documents/Github/x402cloud/packages/facilitator/src/index.ts": {"path":"/Users/radek/Documents/Github/x402cloud/packages/facilitator/src/index.ts","all":true,"statementMap":{"0":{"start":{"line":1,"column":0},"end":{"line":1,"column":48}}},"s":{"0":0},"branchMap":{"0":{"type":"branch","line":1,"loc":{"start":{"line":1,"column":114},"end":{"line":2,"column":65}},"locations":[{"start":{"line":1,"column":114},"end":{"line":2,"column":65}}]}},"b":{"0":[0]},"fnMap":{"0":{"name":"(empty-report)","decl":{"start":{"line":1,"column":114},"end":{"line":2,"column":65}},"loc":{"start":{"line":1,"column":114},"end":{"line":2,"column":65}},"line":1}},"f":{"0":0}}
,"/Users/radek/Documents/Github/x402cloud/packages/facilitator/src/types.ts": {"path":"/Users/radek/Documents/Github/x402cloud/packages/facilitator/src/types.ts","all":true,"statementMap":{},"s":{},"branchMap":{"0":{"type":"branch","line":1,"loc":{"start":{"line":1,"column":1523},"end":{"line":33,"column":2}},"locations":[{"start":{"line":1,"column":1523},"end":{"line":33,"column":2}}]}},"b":{"0":[1]},"fnMap":{"0":{"name":"(empty-report)","decl":{"start":{"line":1,"column":1523},"end":{"line":33,"column":2}},"loc":{"start":{"line":1,"column":1523},"end":{"line":33,"column":2}},"line":1}},"f":{"0":1}}
}
